<?xml version="1.0" encoding="UTF-8"?>
<!-- Generated by org.testng.reporters.JUnitReportReporter -->
<testsuite hostname="LAPTOP-56JUNVK0" failures="0" tests="2" name="TestNG_session.Class_1" time="0.003" errors="0" timestamp="2024-09-25T13:57:04 IST" skipped="0">
  <testcase classname="TestNG_session.Class_1" name="login" time="0.001"/>
  <system-out/>
  <testcase classname="TestNG_session.Class_1" name="function" time="0.002"/>
  <system-out/>
</testsuite> <!-- TestNG_session.Class_1 -->
