<?xml version="1.0" encoding="UTF-8"?>
<!-- Generated by org.testng.reporters.JUnitReportReporter -->
<testsuite hostname="LAPTOP-56JUNVK0" failures="0" tests="2" name="TestNG_session.railyatri" time="0.009" errors="0" timestamp="2024-09-26T13:22:02 IST" skipped="0">
  <testcase classname="TestNG_session.railyatri" name="Name" time="0.008"/>
  <system-out/>
  <testcase classname="TestNG_session.railyatri" name="lastName" time="0.001"/>
  <system-out/>
</testsuite> <!-- TestNG_session.railyatri -->
