<?xml version="1.0" encoding="UTF-8"?>
<!-- Generated by org.testng.reporters.JUnitReportReporter -->
<testsuite hostname="LAPTOP-56JUNVK0" failures="0" tests="1" name="TestNG_session.Class_2" time="0.023" errors="0" timestamp="2024-09-25T13:57:04 IST" skipped="0">
  <testcase classname="TestNG_session.Class_2" name="Verify" time="0.023"/>
  <system-out/>
</testsuite> <!-- TestNG_session.Class_2 -->
